#
# A fatal error has been detected by the Java Runtime Environment:
#
#  EXCEPTION_ACCESS_VIOLATION (0xc0000005) at pc=0x000000001e357708, pid=2952, tid=6376
#
# JRE version: Java(TM) SE Runtime Environment (8.0_05-b13) (build 1.8.0_05-b13)
# Java VM: Java HotSpot(TM) 64-Bit Server VM (25.5-b02 mixed mode windows-amd64 compressed oops)
# Problematic frame:
# C  0x000000001e357708
#
# Failed to write core dump. Minidumps are not enabled by default on client versions of Windows
#
# If you would like to submit a bug report, please visit:
#   http://bugreport.sun.com/bugreport/crash.jsp
# The crash happened outside the Java Virtual Machine in native code.
# See problematic frame for where to report the bug.
#

---------------  T H R E A D  ---------------

Current thread (0x000000001cebd000):  JavaThread "Daemon worker" [_thread_in_native, id=6376, stack(0x000000001e260000,0x000000001e360000)]

siginfo: ExceptionCode=0xc0000005, ExceptionInformation=0x0000000000000008 0x000000001e357708

Registers:
RAX=0x0000000000000000, RBX=0x000000001cebd1e0, RCX=0x00000000011c9740, RDX=0x000000001e357698
RSP=0x000000001e3576c0, RBP=0x0000000000000000, RSI=0x0000000000000000, RDI=0x000000001f4a6240
R8 =0x000000018006eb38, R9 =0x00000000d64a18b0, R10=0x00000000d64a1658, R11=0x000000006f0f37b0
R12=0x0000000000000005, R13=0x0000000020851e70, R14=0x000000001e3578a8, R15=0x0000000000000008
RIP=0x000000001e357708, EFLAGS=0x0000000000010206

Top of Stack: (sp=0x000000001e3576c0)
0x000000001e3576c0:   000000001cebd1e0 000000018002dbf2
0x000000001e3576d0:   000000018006eac0 00000000011c9740
0x000000001e3576e0:   000000001b5b6c80 000000001b5b6c80
0x000000001e3576f0:   0000000000000000 0000000000000000
0x000000001e357700:   fffffffffffffffe 0000000000000000
0x000000001e357710:   0000000000000008 000000018002db42
0x000000001e357720:   00000000011c9740 00000000011c9740
0x000000001e357730:   0000000000000000 000000006e4b8d94
0x000000001e357740:   000000001f1cd920 000000001cebd1e0
0x000000001e357750:   000000001f1ce720 000000001f1cd920
0x000000001e357760:   000000001cebd1e0 000000006e663aea
0x000000001e357770:   00000000011c9740 000000001cebd1e0
0x000000001e357780:   000000001f1cd920 000000001f1ce720
0x000000001e357790:   0000792c00000005 00000000011c9740
0x000000001e3577a0:   000000001f1ce720 0000000000000002
0x000000001e3577b0:   0000000000000000 0000000000000000 

Instructions: (pc=0x000000001e357708)
0x000000001e3576e8:   80 6c 5b 1b 00 00 00 00 00 00 00 00 00 00 00 00
0x000000001e3576f8:   00 00 00 00 00 00 00 00 fe ff ff ff ff ff ff ff
0x000000001e357708:   00 00 00 00 00 00 00 00 08 00 00 00 00 00 00 00
0x000000001e357718:   42 db 02 80 01 00 00 00 40 97 1c 01 00 00 00 00 


Register to memory mapping:

RAX=0x0000000000000000 is an unknown value
RBX=0x000000001cebd1e0 is an unknown value
RCX=0x00000000011c9740 is an unknown value
RDX=0x000000001e357698 is pointing into the stack for thread: 0x000000001cebd000
RSP=0x000000001e3576c0 is pointing into the stack for thread: 0x000000001cebd000
RBP=0x0000000000000000 is an unknown value
RSI=0x0000000000000000 is an unknown value
RDI=0x000000001f4a6240 is an unknown value
R8 =0x000000018006eb38 is an unknown value
R9 =0x00000000d64a18b0 is an oop
java.net.Inet4Address 
 - klass: 'java/net/Inet4Address'
R10=0x00000000d64a1658 is an oop
[Ljava.net.InetAddress; 
 - klass: 'java/net/InetAddress'[]
 - length: 8
R11=0x000000006f0f37b0 is an unknown value
R12=0x0000000000000005 is an unknown value
R13=0x0000000020851e70 is an unknown value
R14=0x000000001e3578a8 is pointing into the stack for thread: 0x000000001cebd000
R15=0x0000000000000008 is an unknown value


Stack: [0x000000001e260000,0x000000001e360000],  sp=0x000000001e3576c0,  free space=989k
Native frames: (J=compiled Java code, j=interpreted, Vv=VM code, C=native code)

Java frames: (J=compiled Java code, j=interpreted, Vv=VM code)
j  java.net.Inet6AddressImpl.lookupAllHostAddr(Ljava/lang/String;)[Ljava/net/InetAddress;+0
j  java.net.InetAddress$2.lookupAllHostAddr(Ljava/lang/String;)[Ljava/net/InetAddress;+4
j  java.net.InetAddress.getAddressesFromNameService(Ljava/lang/String;Ljava/net/InetAddress;)[Ljava/net/InetAddress;+51
j  java.net.InetAddress.getLocalHost()Ljava/net/InetAddress;+90
j  javax.crypto.JarVerifier.getSystemEntropy()[B+91
j  javax.crypto.JarVerifier.testSignatures(Ljava/security/cert/X509Certificate;Ljava/security/cert/CertificateFactory;)V+3
j  javax.crypto.JarVerifier.access$400(Ljava/security/cert/X509Certificate;Ljava/security/cert/CertificateFactory;)V+2
j  javax.crypto.JarVerifier$1.run()Ljava/lang/Void;+71
j  javax.crypto.JarVerifier$1.run()Ljava/lang/Object;+1
v  ~StubRoutines::call_stub
J 1251  java.security.AccessController.doPrivileged(Ljava/security/PrivilegedExceptionAction;)Ljava/lang/Object; (0 bytes) @ 0x00000000034baf52 [0x00000000034baf00+0x52]
j  javax.crypto.JarVerifier.<clinit>()V+7
v  ~StubRoutines::call_stub
j  javax.crypto.JceSecurity.loadPolicies(Ljava/io/File;Ljavax/crypto/CryptoPermissions;Ljavax/crypto/CryptoPermissions;)V+146
j  javax.crypto.JceSecurity.setupJurisdictionPolicies()V+130
j  javax.crypto.JceSecurity.access$000()V+0
j  javax.crypto.JceSecurity$1.run()Ljava/lang/Object;+0
v  ~StubRoutines::call_stub
J 1251  java.security.AccessController.doPrivileged(Ljava/security/PrivilegedExceptionAction;)Ljava/lang/Object; (0 bytes) @ 0x00000000034baf52 [0x00000000034baf00+0x52]
j  javax.crypto.JceSecurity.<clinit>()V+49
v  ~StubRoutines::call_stub
j  javax.crypto.JceSecurityManager.<clinit>()V+31
v  ~StubRoutines::call_stub
j  javax.crypto.Cipher.getConfiguredPermission(Ljava/lang/String;)Ljavax/crypto/CryptoPermission;+17
j  javax.crypto.Cipher.getMaxAllowedKeyLength(Ljava/lang/String;)I+1
j  sun.security.ssl.CipherSuite$BulkCipher.isAvailable(Lsun/security/ssl/CipherSuite$BulkCipher;)Z+36
j  sun.security.ssl.CipherSuite$BulkCipher.isAvailable()Z+27
j  sun.security.ssl.CipherSuite.isAvailable()Z+21
j  sun.security.ssl.SSLContextImpl.getApplicableCipherSuiteList(Lsun/security/ssl/ProtocolList;Z)Lsun/security/ssl/CipherSuiteList;+105
j  sun.security.ssl.SSLContextImpl.getDefaultCipherSuiteList(Z)Lsun/security/ssl/CipherSuiteList;+55
j  sun.security.ssl.SSLSocketImpl.init(Lsun/security/ssl/SSLContextImpl;Z)V+83
j  sun.security.ssl.SSLSocketImpl.<init>(Lsun/security/ssl/SSLContextImpl;)V+96
j  sun.security.ssl.SSLSocketFactoryImpl.createSocket()Ljava/net/Socket;+8
j  org.apache.http.conn.ssl.SSLSocketFactory.createSocket(Lorg/apache/http/params/HttpParams;)Ljava/net/Socket;+4
j  org.apache.http.impl.conn.DefaultClientConnectionOperator.openConnection(Lorg/apache/http/conn/OperatedClientConnection;Lorg/apache/http/HttpHost;Ljava/net/InetAddress;Lorg/apache/http/protocol/HttpContext;Lorg/apache/http/params/HttpParams;)V+142
j  org.apache.http.impl.conn.ManagedClientConnectionImpl.open(Lorg/apache/http/conn/routing/HttpRoute;Lorg/apache/http/protocol/HttpContext;Lorg/apache/http/params/HttpParams;)V+133
j  org.apache.http.impl.client.DefaultRequestDirector.tryConnect(Lorg/apache/http/impl/client/RoutedRequest;Lorg/apache/http/protocol/HttpContext;)V+49
j  org.apache.http.impl.client.DefaultRequestDirector.execute(Lorg/apache/http/HttpHost;Lorg/apache/http/HttpRequest;Lorg/apache/http/protocol/HttpContext;)Lorg/apache/http/HttpResponse;+367
j  org.apache.http.impl.client.AbstractHttpClient.execute(Lorg/apache/http/HttpHost;Lorg/apache/http/HttpRequest;Lorg/apache/http/protocol/HttpContext;)Lorg/apache/http/HttpResponse;+344
j  org.apache.http.impl.client.DecompressingHttpClient.execute(Lorg/apache/http/HttpHost;Lorg/apache/http/HttpRequest;Lorg/apache/http/protocol/HttpContext;)Lorg/apache/http/HttpResponse;+65
j  org.apache.http.impl.client.DecompressingHttpClient.execute(Lorg/apache/http/client/methods/HttpUriRequest;Lorg/apache/http/protocol/HttpContext;)Lorg/apache/http/HttpResponse;+8
j  org.gradle.internal.resource.transport.http.HttpClientHelper.performHttpRequest(Lorg/apache/http/client/methods/HttpRequestBase;)Lorg/apache/http/HttpResponse;+37
j  org.gradle.internal.resource.transport.http.HttpClientHelper.executeGetOrHead(Lorg/apache/http/client/methods/HttpRequestBase;)Lorg/apache/http/HttpResponse;+2
j  org.gradle.internal.resource.transport.http.HttpClientHelper.performRequest(Lorg/apache/http/client/methods/HttpRequestBase;)Lorg/apache/http/HttpResponse;+7
j  org.gradle.internal.resource.transport.http.HttpClientHelper.performRawGet(Ljava/lang/String;)Lorg/apache/http/HttpResponse;+9
j  org.gradle.internal.resource.transport.http.HttpClientHelper.performGet(Ljava/lang/String;)Lorg/apache/http/HttpResponse;+6
j  org.gradle.internal.resource.transport.http.HttpResourceAccessor.openResource(Ljava/net/URI;)Lorg/gradle/internal/resource/transport/http/HttpResponseResource;+25
j  org.gradle.internal.resource.transport.http.HttpResourceAccessor.openResource(Ljava/net/URI;)Lorg/gradle/internal/resource/transfer/ExternalResourceReadResponse;+2
j  org.gradle.internal.resource.transfer.DefaultExternalResourceConnector.openResource(Ljava/net/URI;)Lorg/gradle/internal/resource/transfer/ExternalResourceReadResponse;+5
j  org.gradle.internal.resource.transport.DefaultExternalResourceRepository.getResource(Ljava/net/URI;)Lorg/gradle/internal/resource/ExternalResource;+5
j  org.gradle.api.internal.artifacts.repositories.resolver.MavenMetadataLoader.parseMavenMetadataInfo(Ljava/net/URI;Lorg/gradle/api/internal/artifacts/repositories/resolver/MavenMetadata;)V+5
j  org.gradle.api.internal.artifacts.repositories.resolver.MavenMetadataLoader.load(Ljava/net/URI;)Lorg/gradle/api/internal/artifacts/repositories/resolver/MavenMetadata;+11
j  org.gradle.api.internal.artifacts.repositories.resolver.MavenVersionLister$1.visit(Lorg/gradle/api/internal/artifacts/repositories/resolver/ResourcePattern;Lorg/gradle/internal/component/model/IvyArtifactName;)V+51
j  org.gradle.api.internal.artifacts.repositories.resolver.ChainedVersionLister$1.visit(Lorg/gradle/api/internal/artifacts/repositories/resolver/ResourcePattern;Lorg/gradle/internal/component/model/IvyArtifactName;)V+39
j  org.gradle.api.internal.artifacts.repositories.resolver.ExternalResourceResolver.listVersionsForAllPatterns(Ljava/util/List;Lorg/gradle/internal/component/model/IvyArtifactName;Lorg/gradle/api/internal/artifacts/repositories/resolver/VersionPatternVisitor;)V+34
j  org.gradle.api.internal.artifacts.repositories.resolver.ExternalResourceResolver.doListModuleVersions(Lorg/gradle/internal/component/model/DependencyMetaData;Lorg/gradle/internal/resolve/result/BuildableModuleVersionListingResolveResult;)V+80
j  org.gradle.api.internal.artifacts.repositories.resolver.ExternalResourceResolver.access$100(Lorg/gradle/api/internal/artifacts/repositories/resolver/ExternalResourceResolver;Lorg/gradle/internal/component/model/DependencyMetaData;Lorg/gradle/internal/resolve/result/BuildableModuleVersionListingResolveResult;)V+3
j  org.gradle.api.internal.artifacts.repositories.resolver.ExternalResourceResolver$RemoteRepositoryAccess.listModuleVersions(Lorg/gradle/internal/component/model/DependencyMetaData;Lorg/gradle/internal/resolve/result/BuildableModuleVersionListingResolveResult;)V+6
j  org.gradle.api.internal.artifacts.ivyservice.ivyresolve.CacheLockReleasingModuleComponentsRepository$LockReleasingRepositoryAccess$1.run()V+15
J 3607 C1 org.gradle.internal.Factories$1.create()Ljava/lang/Object; (11 bytes) @ 0x0000000003ea7f44 [0x0000000003ea7e40+0x104]
j  org.gradle.cache.internal.DefaultCacheAccess.longRunningOperation(Ljava/lang/String;Lorg/gradle/internal/Factory;)Ljava/lang/Object;+7
j  org.gradle.cache.internal.DefaultCacheAccess.longRunningOperation(Ljava/lang/String;Ljava/lang/Runnable;)V+6
j  org.gradle.cache.internal.DefaultPersistentDirectoryStore.longRunningOperation(Ljava/lang/String;Ljava/lang/Runnable;)V+6
j  org.gradle.cache.internal.DefaultCacheFactory$ReferenceTrackingCache.longRunningOperation(Ljava/lang/String;Ljava/lang/Runnable;)V+9
j  org.gradle.api.internal.artifacts.ivyservice.DefaultCacheLockingManager.longRunningOperation(Ljava/lang/String;Ljava/lang/Runnable;)V+6
j  org.gradle.api.internal.artifacts.ivyservice.ivyresolve.CacheLockReleasingModuleComponentsRepository$LockReleasingRepositoryAccess.listModuleVersions(Lorg/gradle/internal/component/model/DependencyMetaData;Lorg/gradle/internal/resolve/result/BuildableModuleVersionListingResolveResult;)V+34
j  org.gradle.api.internal.artifacts.ivyservice.ivyresolve.CachingModuleComponentRepository$ResolveAndCacheRepositoryAccess.listModuleVersions(Lorg/gradle/internal/component/model/DependencyMetaData;Lorg/gradle/internal/resolve/result/BuildableModuleVersionListingResolveResult;)V+14
j  org.gradle.api.internal.artifacts.ivyservice.ivyresolve.BaseModuleComponentRepositoryAccess.listModuleVersions(Lorg/gradle/internal/component/model/DependencyMetaData;Lorg/gradle/internal/resolve/result/BuildableModuleVersionListingResolveResult;)V+6
j  org.gradle.api.internal.artifacts.ivyservice.ivyresolve.memcache.InMemoryCachedModuleComponentRepository$CachedAccess.listModuleVersions(Lorg/gradle/internal/component/model/DependencyMetaData;Lorg/gradle/internal/resolve/result/BuildableModuleVersionListingResolveResult;)V+20
j  org.gradle.api.internal.artifacts.ivyservice.ivyresolve.ErrorHandlingModuleComponentRepository$ErrorHandlingModuleComponentRepositoryAccess.listModuleVersions(Lorg/gradle/internal/component/model/DependencyMetaData;Lorg/gradle/internal/resolve/result/BuildableModuleVersionListingResolveResult;)V+6
j  org.gradle.api.internal.artifacts.ivyservice.ivyresolve.DynamicVersionResolver$VersionListResult.process(Lorg/gradle/internal/component/model/DependencyMetaData;Lorg/gradle/api/internal/artifacts/ivyservice/ivyresolve/ModuleComponentRepositoryAccess;)V+6
j  org.gradle.api.internal.artifacts.ivyservice.ivyresolve.DynamicVersionResolver$VersionListResult.resolve()V+81
j  org.gradle.api.internal.artifacts.ivyservice.ivyresolve.DynamicVersionResolver$RepositoryResolveState.resolve()V+4
j  org.gradle.api.internal.artifacts.ivyservice.ivyresolve.DynamicVersionResolver.findLatestModule(Ljava/util/LinkedList;Ljava/util/Collection;Ljava/util/Collection;)Lorg/gradle/api/internal/artifacts/ivyservice/ivyresolve/RepositoryChainModuleResolution;+21
j  org.gradle.api.internal.artifacts.ivyservice.ivyresolve.DynamicVersionResolver.findLatestModule(Ljava/util/List;Ljava/util/Collection;)Lorg/gradle/api/internal/artifacts/ivyservice/ivyresolve/RepositoryChainModuleResolution;+28
j  org.gradle.api.internal.artifacts.ivyservice.ivyresolve.DynamicVersionResolver.resolve(Lorg/gradle/internal/component/model/DependencyMetaData;Lorg/gradle/internal/resolve/result/BuildableComponentIdResolveResult;)V+100
j  org.gradle.api.internal.artifacts.ivyservice.ivyresolve.RepositoryChainDependencyToComponentIdResolver.resolve(Lorg/gradle/internal/component/model/DependencyMetaData;Lorg/gradle/internal/resolve/result/BuildableComponentIdResolveResult;)V+36
j  org.gradle.api.internal.artifacts.ivyservice.resolveengine.ComponentResolversChain$DependencyToComponentIdResolverChain.resolve(Lorg/gradle/internal/component/model/DependencyMetaData;Lorg/gradle/internal/resolve/result/BuildableComponentIdResolveResult;)V+44
j  org.gradle.api.internal.artifacts.ivyservice.dependencysubstitution.DependencySubstitutionResolver.resolve(Lorg/gradle/internal/component/model/DependencyMetaData;Lorg/gradle/internal/resolve/result/BuildableComponentIdResolveResult;)V+109
j  org.gradle.api.internal.artifacts.ivyservice.resolveengine.graph.DependencyGraphBuilder$ModuleVersionSelectorResolveState.resolveModuleRevisionId()Lorg/gradle/api/internal/artifacts/ivyservice/resolveengine/graph/DependencyGraphBuilder$ModuleVersionResolveState;+44
j  org.gradle.api.internal.artifacts.ivyservice.resolveengine.graph.DependencyGraphBuilder$DependencyEdge.resolveModuleRevisionId()Lorg/gradle/api/internal/artifacts/ivyservice/resolveengine/graph/DependencyGraphBuilder$ModuleVersionResolveState;+12
j  org.gradle.api.internal.artifacts.ivyservice.resolveengine.graph.DependencyGraphBuilder.traverseGraph(Lorg/gradle/api/internal/artifacts/ivyservice/resolveengine/graph/DependencyGraphBuilder$ResolveState;Lorg/gradle/api/internal/artifacts/ivyservice/resolveengine/graph/conflicts/ConflictHandler;)V+113
j  org.gradle.api.internal.artifacts.ivyservice.resolveengine.graph.DependencyGraphBuilder.resolve(Lorg/gradle/api/internal/artifacts/ResolveContext;Lorg/gradle/api/internal/artifacts/ivyservice/resolveengine/graph/DependencyGraphVisitor;)V+79
j  org.gradle.api.internal.artifacts.ivyservice.resolveengine.DefaultArtifactDependencyResolver$1.execute(Lorg/apache/ivy/Ivy;)V+135
j  org.gradle.api.internal.artifacts.ivyservice.resolveengine.DefaultArtifactDependencyResolver$1.execute(Ljava/lang/Object;)V+5
j  org.gradle.internal.Transformers$4.transform(Ljava/lang/Object;)Ljava/lang/Object;+5
j  org.gradle.api.internal.artifacts.ivyservice.DefaultIvyContextManager.withIvy(Lorg/gradle/api/Transformer;)Ljava/lang/Object;+96
j  org.gradle.api.internal.artifacts.ivyservice.DefaultIvyContextManager.withIvy(Lorg/gradle/api/Action;)V+5
j  org.gradle.api.internal.artifacts.ivyservice.resolveengine.DefaultArtifactDependencyResolver.resolve(Lorg/gradle/api/internal/artifacts/ResolveContext;Ljava/util/List;Lorg/gradle/api/internal/artifacts/GlobalDependencyResolutionRules;Lorg/gradle/api/internal/artifacts/ivyservice/resolveengine/graph/DependencyGraphVisitor;Lorg/gradle/api/internal/artifacts/ivyservice/resolveengine/artifact/DependencyArtifactsVisitor;)V+19
j  org.gradle.api.internal.artifacts.ivyservice.CacheLockingArtifactDependencyResolver$1.run()V+27
J 3607 C1 org.gradle.internal.Factories$1.create()Ljava/lang/Object; (11 bytes) @ 0x0000000003ea7f44 [0x0000000003ea7e40+0x104]
j  org.gradle.cache.internal.DefaultCacheAccess.useCache(Ljava/lang/String;Lorg/gradle/internal/Factory;)Ljava/lang/Object;+80
j  org.gradle.cache.internal.DefaultCacheAccess.useCache(Ljava/lang/String;Ljava/lang/Runnable;)V+6
j  org.gradle.cache.internal.DefaultPersistentDirectoryStore.useCache(Ljava/lang/String;Ljava/lang/Runnable;)V+6
J 3614 C1 org.gradle.cache.internal.DefaultCacheFactory$ReferenceTrackingCache.useCache(Ljava/lang/String;Ljava/lang/Runnable;)V (15 bytes) @ 0x0000000003eab794 [0x0000000003eab680+0x114]
J 3613 C1 org.gradle.api.internal.artifacts.ivyservice.DefaultCacheLockingManager.useCache(Ljava/lang/String;Ljava/lang/Runnable;)V (12 bytes) @ 0x0000000003eabc44 [0x0000000003eabb40+0x104]
j  org.gradle.api.internal.artifacts.ivyservice.CacheLockingArtifactDependencyResolver.resolve(Lorg/gradle/api/internal/artifacts/ResolveContext;Ljava/util/List;Lorg/gradle/api/internal/artifacts/GlobalDependencyResolutionRules;Lorg/gradle/api/internal/artifacts/ivyservice/resolveengine/graph/DependencyGraphVisitor;Lorg/gradle/api/internal/artifacts/ivyservice/resolveengine/artifact/DependencyArtifactsVisitor;)V+32
j  org.gradle.api.internal.artifacts.ivyservice.DefaultConfigurationResolver.resolve(Lorg/gradle/api/internal/artifacts/configurations/ConfigurationInternal;Lorg/gradle/api/internal/artifacts/ResolverResults;)V+216
j  org.gradle.api.internal.artifacts.ivyservice.SelfResolvingDependencyConfigurationResolver.resolve(Lorg/gradle/api/internal/artifacts/configurations/ConfigurationInternal;Lorg/gradle/api/internal/artifacts/ResolverResults;)V+6
j  org.gradle.api.internal.artifacts.ivyservice.ShortCircuitEmptyConfigurationResolver.resolve(Lorg/gradle/api/internal/artifacts/configurations/ConfigurationInternal;Lorg/gradle/api/internal/artifacts/ResolverResults;)V+90
j  org.gradle.api.internal.artifacts.ivyservice.ErrorHandlingConfigurationResolver.resolve(Lorg/gradle/api/internal/artifacts/configurations/ConfigurationInternal;Lorg/gradle/api/internal/artifacts/ResolverResults;)V+6
j  org.gradle.api.internal.artifacts.configurations.DefaultConfiguration.resolveGraphIfRequired(Lorg/gradle/api/internal/artifacts/configurations/ConfigurationInternal$InternalState;)V+93
j  org.gradle.api.internal.artifacts.configurations.DefaultConfiguration.resolveNow(Lorg/gradle/api/internal/artifacts/configurations/ConfigurationInternal$InternalState;)V+23
j  org.gradle.api.internal.artifacts.configurations.DefaultConfiguration.getResolvedConfiguration()Lorg/gradle/api/artifacts/ResolvedConfiguration;+4
j  org.gradle.api.internal.artifacts.configurations.DefaultConfiguration_Decorated.getResolvedConfiguration()Lorg/gradle/api/artifacts/ResolvedConfiguration;+7
j  org.gradle.api.internal.artifacts.configurations.DefaultConfiguration$ConfigurationFileCollection.getFiles()Ljava/util/Set;+14
j  org.gradle.api.internal.artifacts.configurations.DefaultConfiguration.getFiles()Ljava/util/Set;+7
j  org.gradle.api.internal.artifacts.configurations.DefaultConfiguration_Decorated.getFiles()Ljava/util/Set;+7
j  org.gradle.api.internal.initialization.DefaultScriptHandler.getScriptClassPath()Lorg/gradle/internal/classpath/ClassPath;+27
j  org.gradle.plugin.use.internal.DefaultPluginRequestApplicator.defineScriptHandlerClassScope(Lorg/gradle/api/internal/initialization/ScriptHandlerInternal;Lorg/gradle/api/internal/initialization/ClassLoaderScope;Ljava/lang/Iterable;)V+1
j  org.gradle.plugin.use.internal.DefaultPluginRequestApplicator.applyPlugins(Lorg/gradle/plugin/use/internal/PluginRequests;Lorg/gradle/api/internal/initialization/ScriptHandlerInternal;Lorg/gradle/api/internal/plugins/PluginManagerInternal;Lorg/gradle/api/internal/initialization/ClassLoaderScope;)V+16
j  org.gradle.configuration.DefaultScriptPluginFactory$ScriptPluginImpl.apply(Ljava/lang/Object;)V+337
j  org.gradle.configuration.project.BuildScriptProcessor.execute(Lorg/gradle/api/internal/project/ProjectInternal;)V+80
j  org.gradle.configuration.project.BuildScriptProcessor.execute(Ljava/lang/Object;)V+5
j  org.gradle.configuration.project.ConfigureActionsProjectEvaluator.evaluate(Lorg/gradle/api/internal/project/ProjectInternal;Lorg/gradle/api/internal/project/ProjectStateInternal;)V+33
j  org.gradle.configuration.project.LifecycleProjectEvaluator.evaluate(Lorg/gradle/api/internal/project/ProjectInternal;Lorg/gradle/api/internal/project/ProjectStateInternal;)V+54
j  org.gradle.api.internal.project.AbstractProject.evaluate()Lorg/gradle/api/internal/project/AbstractProject;+9
j  org.gradle.api.internal.project.AbstractProject.evaluate()Lorg/gradle/api/Project;+1
j  org.gradle.execution.TaskPathProjectEvaluator.configureHierarchy(Lorg/gradle/api/internal/project/ProjectInternal;)V+82
j  org.gradle.tooling.internal.provider.runner.ClientProvidedBuildActionRunner.run(Lorg/gradle/internal/invocation/BuildAction;Lorg/gradle/internal/invocation/BuildController;)V+87
j  org.gradle.launcher.exec.ChainingBuildActionRunner.run(Lorg/gradle/internal/invocation/BuildAction;Lorg/gradle/internal/invocation/BuildController;)V+34
j  org.gradle.tooling.internal.provider.runner.SubscribableBuildActionRunner.run(Lorg/gradle/internal/invocation/BuildAction;Lorg/gradle/internal/invocation/BuildController;)V+37
j  org.gradle.launcher.exec.ChainingBuildActionRunner.run(Lorg/gradle/internal/invocation/BuildAction;Lorg/gradle/internal/invocation/BuildController;)V+34
j  org.gradle.launcher.exec.InProcessBuildActionExecuter.execute(Lorg/gradle/internal/invocation/BuildAction;Lorg/gradle/initialization/BuildRequestContext;Lorg/gradle/launcher/exec/BuildActionParameters;Lorg/gradle/internal/service/ServiceRegistry;)Ljava/lang/Object;+63
j  org.gradle.launcher.exec.InProcessBuildActionExecuter.execute(Lorg/gradle/internal/invocation/BuildAction;Lorg/gradle/initialization/BuildRequestContext;Ljava/lang/Object;Lorg/gradle/internal/service/ServiceRegistry;)Ljava/lang/Object;+9
j  org.gradle.launcher.exec.ContinuousBuildActionExecuter.execute(Lorg/gradle/internal/invocation/BuildAction;Lorg/gradle/initialization/BuildRequestContext;Lorg/gradle/launcher/exec/BuildActionParameters;Lorg/gradle/internal/service/ServiceRegistry;)Ljava/lang/Object;+70
j  org.gradle.launcher.exec.ContinuousBuildActionExecuter.execute(Lorg/gradle/internal/invocation/BuildAction;Lorg/gradle/initialization/BuildRequestContext;Ljava/lang/Object;Lorg/gradle/internal/service/ServiceRegistry;)Ljava/lang/Object;+9
j  org.gradle.launcher.daemon.server.exec.ExecuteBuild.doBuild(Lorg/gradle/launcher/daemon/server/api/DaemonCommandExecution;Lorg/gradle/launcher/daemon/protocol/Build;)V+74
j  org.gradle.launcher.daemon.server.exec.BuildCommandOnly.execute(Lorg/gradle/launcher/daemon/server/api/DaemonCommandExecution;)V+49
j  org.gradle.launcher.daemon.server.api.DaemonCommandExecution.proceed()Z+28
j  org.gradle.launcher.daemon.server.exec.WatchForDisconnection.execute(Lorg/gradle/launcher/daemon/server/api/DaemonCommandExecution;)V+19
j  org.gradle.launcher.daemon.server.api.DaemonCommandExecution.proceed()Z+28
j  org.gradle.launcher.daemon.server.exec.ResetDeprecationLogger.execute(Lorg/gradle/launcher/daemon/server/api/DaemonCommandExecution;)V+4
j  org.gradle.launcher.daemon.server.api.DaemonCommandExecution.proceed()Z+28
j  org.gradle.launcher.daemon.server.exec.RequestStopIfSingleUsedDaemon.execute(Lorg/gradle/launcher/daemon/server/api/DaemonCommandExecution;)V+31
j  org.gradle.launcher.daemon.server.api.DaemonCommandExecution.proceed()Z+28
j  org.gradle.launcher.daemon.server.exec.ForwardClientInput$2.call()Ljava/lang/Void;+4
j  org.gradle.launcher.daemon.server.exec.ForwardClientInput$2.call()Ljava/lang/Object;+1
j  org.gradle.util.Swapper.swap(Ljava/lang/Object;Ljava/util/concurrent/Callable;)Ljava/lang/Object;+21
j  org.gradle.launcher.daemon.server.exec.ForwardClientInput.execute(Lorg/gradle/launcher/daemon/server/api/DaemonCommandExecution;)V+63
j  org.gradle.launcher.daemon.server.api.DaemonCommandExecution.proceed()Z+28
j  org.gradle.launcher.daemon.server.health.DaemonHealthTracker.execute(Lorg/gradle/launcher/daemon/server/api/DaemonCommandExecution;)V+35
j  org.gradle.launcher.daemon.server.api.DaemonCommandExecution.proceed()Z+28
j  org.gradle.launcher.daemon.server.exec.LogToClient.doBuild(Lorg/gradle/launcher/daemon/server/api/DaemonCommandExecution;Lorg/gradle/launcher/daemon/protocol/Build;)V+106
j  org.gradle.launcher.daemon.server.exec.BuildCommandOnly.execute(Lorg/gradle/launcher/daemon/server/api/DaemonCommandExecution;)V+49
j  org.gradle.launcher.daemon.server.api.DaemonCommandExecution.proceed()Z+28
j  org.gradle.launcher.daemon.server.exec.EstablishBuildEnvironment.doBuild(Lorg/gradle/launcher/daemon/server/api/DaemonCommandExecution;Lorg/gradle/launcher/daemon/protocol/Build;)V+243
j  org.gradle.launcher.daemon.server.exec.BuildCommandOnly.execute(Lorg/gradle/launcher/daemon/server/api/DaemonCommandExecution;)V+49
j  org.gradle.launcher.daemon.server.api.DaemonCommandExecution.proceed()Z+28
j  org.gradle.launcher.daemon.server.health.HintGCAfterBuild.execute(Lorg/gradle/launcher/daemon/server/api/DaemonCommandExecution;)V+1
j  org.gradle.launcher.daemon.server.api.DaemonCommandExecution.proceed()Z+28
j  org.gradle.launcher.daemon.server.exec.StartBuildOrRespondWithBusy$1.run()V+44
j  org.gradle.launcher.daemon.server.DaemonStateCoordinator$1.run()V+4
j  org.gradle.internal.concurrent.ExecutorPolicy$CatchAndRecordFailures.onExecute(Ljava/lang/Runnable;)V+1
j  org.gradle.internal.concurrent.StoppableExecutorImpl$1.run()V+25
j  java.util.concurrent.ThreadPoolExecutor.runWorker(Ljava/util/concurrent/ThreadPoolExecutor$Worker;)V+95
j  java.util.concurrent.ThreadPoolExecutor$Worker.run()V+5
j  java.lang.Thread.run()V+11
v  ~StubRoutines::call_stub

---------------  P R O C E S S  ---------------

Java Threads: ( => current thread )
  0x000000001d564000 JavaThread "File lock request listener" [_thread_in_native, id=6112, stack(0x000000001faa0000,0x000000001fba0000)]
  0x000000001b3db800 JavaThread "Stdin handler" [_thread_blocked, id=4500, stack(0x000000001e3d0000,0x000000001e4d0000)]
=>0x000000001cebd000 JavaThread "Daemon worker" [_thread_in_native, id=6376, stack(0x000000001e260000,0x000000001e360000)]
  0x000000001b34e000 JavaThread "Cancel handler" [_thread_blocked, id=2436, stack(0x000000001e160000,0x000000001e260000)]
  0x000000001b350800 JavaThread "Handler for socket connection from /127.0.0.1:63150 to /127.0.0.1:63151" [_thread_in_native, id=6340, stack(0x000000001de60000,0x000000001df60000)]
  0x000000001cea5800 JavaThread "Daemon" [_thread_blocked, id=6872, stack(0x000000001dd60000,0x000000001de60000)]
  0x000000001ce04800 JavaThread "Incoming local TCP Connector on port 63150" [_thread_in_native, id=6076, stack(0x000000001c360000,0x000000001c460000)]
  0x000000001a18e000 JavaThread "Service Thread" daemon [_thread_blocked, id=2072, stack(0x000000001aac0000,0x000000001abc0000)]
  0x000000001a0fb800 JavaThread "C1 CompilerThread3" daemon [_thread_blocked, id=3424, stack(0x000000001a9c0000,0x000000001aac0000)]
  0x000000001a0ec800 JavaThread "C2 CompilerThread2" daemon [_thread_blocked, id=1108, stack(0x000000001a8c0000,0x000000001a9c0000)]
  0x000000001a0e9000 JavaThread "C2 CompilerThread1" daemon [_thread_blocked, id=5964, stack(0x000000001a7c0000,0x000000001a8c0000)]
  0x000000001a0e6800 JavaThread "C2 CompilerThread0" daemon [_thread_blocked, id=4940, stack(0x000000001a6c0000,0x000000001a7c0000)]
  0x000000001a0e4800 JavaThread "Attach Listener" daemon [_thread_blocked, id=668, stack(0x000000001a5c0000,0x000000001a6c0000)]
  0x000000001a0e3800 JavaThread "Signal Dispatcher" daemon [_thread_blocked, id=932, stack(0x000000001a4c0000,0x000000001a5c0000)]
  0x0000000003087800 JavaThread "Finalizer" daemon [_thread_blocked, id=3116, stack(0x0000000019fc0000,0x000000001a0c0000)]
  0x000000000307f000 JavaThread "Reference Handler" daemon [_thread_blocked, id=3812, stack(0x0000000019ec0000,0x0000000019fc0000)]
  0x0000000002cad800 JavaThread "main" [_thread_blocked, id=5884, stack(0x0000000002b90000,0x0000000002c90000)]

Other Threads:
  0x00000000180f8800 VMThread [stack: 0x0000000019dc0000,0x0000000019ec0000] [id=6724]
  0x000000001a190800 WatcherThread [stack: 0x000000001abc0000,0x000000001acc0000] [id=2144]

VM state:not at safepoint (normal execution)

VM Mutex/Monitor currently owned by a thread: None

Heap:
 PSYoungGen      total 77824K, used 20736K [0x00000000d5580000, 0x00000000dab80000, 0x0000000100000000)
  eden space 72704K, 21% used [0x00000000d5580000,0x00000000d6501fa0,0x00000000d9c80000)
  from space 5120K, 94% used [0x00000000da680000,0x00000000dab3e0d8,0x00000000dab80000)
  to   space 7680K, 0% used [0x00000000d9c80000,0x00000000d9c80000,0x00000000da400000)
 ParOldGen       total 22016K, used 17935K [0x0000000080000000, 0x0000000081580000, 0x00000000d5580000)
  object space 22016K, 81% used [0x0000000080000000,0x0000000081183e70,0x0000000081580000)
 Metaspace       used 32670K, capacity 33450K, committed 33536K, reserved 1079296K
  class space    used 4420K, capacity 4586K, committed 4608K, reserved 1048576K

Card table byte_map: [0x0000000012450000,0x0000000012860000] byte_map_base: 0x0000000012050000

Marking Bits: (ParMarkBitMap*) 0x000000006f1613b0
 Begin Bits: [0x0000000013310000, 0x0000000015310000)
 End Bits:   [0x0000000015310000, 0x0000000017310000)

Polling page: 0x0000000001290000

CodeCache: size=245760Kb used=15124Kb max_used=15136Kb free=230635Kb
 bounds [0x0000000003090000, 0x0000000003f70000, 0x0000000012090000]
 total_blobs=4502 nmethods=3842 adapters=572
 compilation: enabled

Compilation events (10 events):
Event: 7.485 Thread 0x000000001a0fb800 3867       3       java.util.Dictionary::<init> (5 bytes)
Event: 7.485 Thread 0x000000001a0fb800 nmethod 3867 0x0000000003f5d3d0 code [0x0000000003f5d540, 0x0000000003f5d6f0]
Event: 7.485 Thread 0x000000001a0fb800 3869       3       sun.security.util.DerValue::isPrintableStringChar (184 bytes)
Event: 7.485 Thread 0x000000001a0fb800 nmethod 3869 0x0000000003f5d7d0 code [0x0000000003f5d940, 0x0000000003f5dc30]
Event: 7.486 Thread 0x000000001a0fb800 3870       3       java.io.BufferedReader::ensureOpen (18 bytes)
Event: 7.486 Thread 0x000000001a0fb800 nmethod 3870 0x0000000003f5dc90 code [0x0000000003f5de00, 0x0000000003f5e028]
Event: 7.488 Thread 0x000000001a0ec800 3871       4       java.security.MessageDigest$Delegate::engineUpdate (11 bytes)
Event: 7.488 Thread 0x000000001a0e9000 3872       4       sun.security.provider.DigestBase::engineUpdate (188 bytes)
Event: 7.491 Thread 0x000000001a0ec800 nmethod 3871 0x0000000003f61090 code [0x0000000003f61200, 0x0000000003f615c8]
Event: 7.491 Thread 0x000000001a0e9000 nmethod 3872 0x0000000003f5f390 code [0x0000000003f5f500, 0x0000000003f5f8d8]

GC Heap History (10 events):
Event: 3.550 GC heap before
{Heap before GC invocations=21 (full 1):
 PSYoungGen      total 62976K, used 61136K [0x00000000d5580000, 0x00000000da280000, 0x0000000100000000)
  eden space 58880K, 100% used [0x00000000d5580000,0x00000000d8f00000,0x00000000d8f00000)
  from space 4096K, 55% used [0x00000000d8f00000,0x00000000d9134050,0x00000000d9300000)
  to   space 4096K, 0% used [0x00000000d9e80000,0x00000000d9e80000,0x00000000da280000)
 ParOldGen       total 10752K, used 7241K [0x0000000080000000, 0x0000000080a80000, 0x00000000d5580000)
  object space 10752K, 67% used [0x0000000080000000,0x0000000080712510,0x0000000080a80000)
 Metaspace       used 23067K, capacity 23478K, committed 23680K, reserved 1069056K
  class space    used 3080K, capacity 3199K, committed 3200K, reserved 1048576K
Event: 3.556 GC heap after
Heap after GC invocations=21 (full 1):
 PSYoungGen      total 73216K, used 4068K [0x00000000d5580000, 0x00000000da500000, 0x0000000100000000)
  eden space 69120K, 0% used [0x00000000d5580000,0x00000000d5580000,0x00000000d9900000)
  from space 4096K, 99% used [0x00000000d9e80000,0x00000000da279200,0x00000000da280000)
  to   space 5632K, 0% used [0x00000000d9900000,0x00000000d9900000,0x00000000d9e80000)
 ParOldGen       total 10752K, used 8729K [0x0000000080000000, 0x0000000080a80000, 0x00000000d5580000)
  object space 10752K, 81% used [0x0000000080000000,0x0000000080886468,0x0000000080a80000)
 Metaspace       used 23067K, capacity 23478K, committed 23680K, reserved 1069056K
  class space    used 3080K, capacity 3199K, committed 3200K, reserved 1048576K
}
Event: 3.556 GC heap before
{Heap before GC invocations=22 (full 2):
 PSYoungGen      total 73216K, used 4068K [0x00000000d5580000, 0x00000000da500000, 0x0000000100000000)
  eden space 69120K, 0% used [0x00000000d5580000,0x00000000d5580000,0x00000000d9900000)
  from space 4096K, 99% used [0x00000000d9e80000,0x00000000da279200,0x00000000da280000)
  to   space 5632K, 0% used [0x00000000d9900000,0x00000000d9900000,0x00000000d9e80000)
 ParOldGen       total 10752K, used 8729K [0x0000000080000000, 0x0000000080a80000, 0x00000000d5580000)
  object space 10752K, 81% used [0x0000000080000000,0x0000000080886468,0x0000000080a80000)
 Metaspace       used 23067K, capacity 23478K, committed 23680K, reserved 1069056K
  class space    used 3080K, capacity 3199K, committed 3200K, reserved 1048576K
Event: 3.650 GC heap after
Heap after GC invocations=22 (full 2):
 PSYoungGen      total 73216K, used 1341K [0x00000000d5580000, 0x00000000da500000, 0x0000000100000000)
  eden space 69120K, 0% used [0x00000000d5580000,0x00000000d5580000,0x00000000d9900000)
  from space 4096K, 32% used [0x00000000d9e80000,0x00000000d9fcf600,0x00000000da280000)
  to   space 5632K, 0% used [0x00000000d9900000,0x00000000d9900000,0x00000000d9e80000)
 ParOldGen       total 15360K, used 10687K [0x0000000080000000, 0x0000000080f00000, 0x00000000d5580000)
  object space 15360K, 69% used [0x0000000080000000,0x0000000080a6fce8,0x0000000080f00000)
 Metaspace       used 23046K, capacity 23456K, committed 23680K, reserved 1069056K
  class space    used 3074K, capacity 3193K, committed 3200K, reserved 1048576K
}
Event: 4.457 GC heap before
{Heap before GC invocations=23 (full 2):
 PSYoungGen      total 73216K, used 70461K [0x00000000d5580000, 0x00000000da500000, 0x0000000100000000)
  eden space 69120K, 100% used [0x00000000d5580000,0x00000000d9900000,0x00000000d9900000)
  from space 4096K, 32% used [0x00000000d9e80000,0x00000000d9fcf600,0x00000000da280000)
  to   space 5632K, 0% used [0x00000000d9900000,0x00000000d9900000,0x00000000d9e80000)
 ParOldGen       total 15360K, used 10687K [0x0000000080000000, 0x0000000080f00000, 0x00000000d5580000)
  object space 15360K, 69% used [0x0000000080000000,0x0000000080a6fce8,0x0000000080f00000)
 Metaspace       used 26140K, capacity 26738K, committed 26880K, reserved 1073152K
  class space    used 3600K, capacity 3723K, committed 3840K, reserved 1048576K
Event: 4.464 GC heap after
Heap after GC invocations=23 (full 2):
 PSYoungGen      total 74752K, used 5632K [0x00000000d5580000, 0x00000000dae00000, 0x0000000100000000)
  eden space 69120K, 0% used [0x00000000d5580000,0x00000000d5580000,0x00000000d9900000)
  from space 5632K, 100% used [0x00000000d9900000,0x00000000d9e80000,0x00000000d9e80000)
  to   space 7680K, 0% used [0x00000000da680000,0x00000000da680000,0x00000000dae00000)
 ParOldGen       total 15360K, used 13413K [0x0000000080000000, 0x0000000080f00000, 0x00000000d5580000)
  object space 15360K, 87% used [0x0000000080000000,0x0000000080d19448,0x0000000080f00000)
 Metaspace       used 26140K, capacity 26738K, committed 26880K, reserved 1073152K
  class space    used 3600K, capacity 3723K, committed 3840K, reserved 1048576K
}
Event: 4.464 GC heap before
{Heap before GC invocations=24 (full 3):
 PSYoungGen      total 74752K, used 5632K [0x00000000d5580000, 0x00000000dae00000, 0x0000000100000000)
  eden space 69120K, 0% used [0x00000000d5580000,0x00000000d5580000,0x00000000d9900000)
  from space 5632K, 100% used [0x00000000d9900000,0x00000000d9e80000,0x00000000d9e80000)
  to   space 7680K, 0% used [0x00000000da680000,0x00000000da680000,0x00000000dae00000)
 ParOldGen       total 15360K, used 13413K [0x0000000080000000, 0x0000000080f00000, 0x00000000d5580000)
  object space 15360K, 87% used [0x0000000080000000,0x0000000080d19448,0x0000000080f00000)
 Metaspace       used 26140K, capacity 26738K, committed 26880K, reserved 1073152K
  class space    used 3600K, capacity 3723K, committed 3840K, reserved 1048576K
Event: 4.578 GC heap after
Heap after GC invocations=24 (full 3):
 PSYoungGen      total 74752K, used 2547K [0x00000000d5580000, 0x00000000dae00000, 0x0000000100000000)
  eden space 69120K, 0% used [0x00000000d5580000,0x00000000d5580000,0x00000000d9900000)
  from space 5632K, 45% used [0x00000000d9900000,0x00000000d9b7cea0,0x00000000d9e80000)
  to   space 7680K, 0% used [0x00000000da680000,0x00000000da680000,0x00000000dae00000)
 ParOldGen       total 22016K, used 15279K [0x0000000080000000, 0x0000000081580000, 0x00000000d5580000)
  object space 22016K, 69% used [0x0000000080000000,0x0000000080eebe40,0x0000000081580000)
 Metaspace       used 26140K, capacity 26738K, committed 26880K, reserved 1073152K
  class space    used 3600K, capacity 3723K, committed 3840K, reserved 1048576K
}
Event: 7.122 GC heap before
{Heap before GC invocations=25 (full 3):
 PSYoungGen      total 74752K, used 71667K [0x00000000d5580000, 0x00000000dae00000, 0x0000000100000000)
  eden space 69120K, 100% used [0x00000000d5580000,0x00000000d9900000,0x00000000d9900000)
  from space 5632K, 45% used [0x00000000d9900000,0x00000000d9b7cea0,0x00000000d9e80000)
  to   space 7680K, 0% used [0x00000000da680000,0x00000000da680000,0x00000000dae00000)
 ParOldGen       total 22016K, used 15279K [0x0000000080000000, 0x0000000081580000, 0x00000000d5580000)
  object space 22016K, 69% used [0x0000000080000000,0x0000000080eebe40,0x0000000081580000)
 Metaspace       used 30455K, capacity 31204K, committed 31488K, reserved 1077248K
  class space    used 4131K, capacity 4313K, committed 4352K, reserved 1048576K
Event: 7.129 GC heap after
Heap after GC invocations=25 (full 3):
 PSYoungGen      total 77824K, used 4856K [0x00000000d5580000, 0x00000000dab80000, 0x0000000100000000)
  eden space 72704K, 0% used [0x00000000d5580000,0x00000000d5580000,0x00000000d9c80000)
  from space 5120K, 94% used [0x00000000da680000,0x00000000dab3e0d8,0x00000000dab80000)
  to   space 7680K, 0% used [0x00000000d9c80000,0x00000000d9c80000,0x00000000da400000)
 ParOldGen       total 22016K, used 17935K [0x0000000080000000, 0x0000000081580000, 0x00000000d5580000)
  object space 22016K, 81% used [0x0000000080000000,0x0000000081183e70,0x0000000081580000)
 Metaspace       used 30455K, capacity 31204K, committed 31488K, reserved 1077248K
  class space    used 4131K, capacity 4313K, committed 4352K, reserved 1048576K
}

Deoptimization events (10 events):
Event: 7.419 Thread 0x000000001cebd000 Uncommon trap: reason=class_check action=maybe_recompile pc=0x0000000003467810 method=java.io.DataInputStream.readUnsignedShort()I @ 4
Event: 7.420 Thread 0x000000001cebd000 Uncommon trap: reason=class_check action=maybe_recompile pc=0x0000000003467810 method=java.io.DataInputStream.readUnsignedShort()I @ 4
Event: 7.420 Thread 0x000000001cebd000 Uncommon trap: reason=class_check action=maybe_recompile pc=0x0000000003467810 method=java.io.DataInputStream.readUnsignedShort()I @ 4
Event: 7.445 Thread 0x000000001cebd000 Uncommon trap: reason=class_check action=maybe_recompile pc=0x0000000003e74814 method=java.util.AbstractList$Itr.hasNext()Z @ 8
Event: 7.479 Thread 0x000000001cebd000 Uncommon trap: reason=unreached action=reinterpret pc=0x0000000003e6d058 method=java.lang.Integer.parseInt(Ljava/lang/String;I)I @ 1
Event: 7.481 Thread 0x000000001cebd000 Uncommon trap: reason=class_check action=maybe_recompile pc=0x0000000003e74814 method=java.util.AbstractList$Itr.hasNext()Z @ 8
Event: 7.484 Thread 0x000000001cebd000 Uncommon trap: reason=class_check action=maybe_recompile pc=0x0000000003e74814 method=java.util.AbstractList$Itr.hasNext()Z @ 8
Event: 7.488 Thread 0x000000001cebd000 Uncommon trap: reason=class_check action=maybe_recompile pc=0x0000000003b7d6bc method=sun.security.provider.DigestBase.engineUpdate([BII)V @ 128
Event: 7.488 Thread 0x000000001cebd000 Uncommon trap: reason=class_check action=maybe_recompile pc=0x0000000003b7d6bc method=sun.security.provider.DigestBase.engineUpdate([BII)V @ 128
Event: 7.488 Thread 0x000000001cebd000 Uncommon trap: reason=class_check action=maybe_recompile pc=0x0000000003b7d6bc method=sun.security.provider.DigestBase.engineUpdate([BII)V @ 128

Internal exceptions (10 events):
Event: 7.477 Thread 0x000000001cebd000 Exception <a 'java/security/PrivilegedActionException'> (0x00000000d6418bc0) thrown at [D:\re\workspace\8-2-build-windows-amd64-cygwin\jdk8u5\2488\hotspot\src\share\vm\prims\jvm.cpp, line 1248]
Event: 7.477 Thread 0x000000001cebd000 Exception <a 'java/security/PrivilegedActionException'> (0x00000000d641a028) thrown at [D:\re\workspace\8-2-build-windows-amd64-cygwin\jdk8u5\2488\hotspot\src\share\vm\prims\jvm.cpp, line 1248]
Event: 7.477 Thread 0x000000001cebd000 Exception <a 'java/security/PrivilegedActionException'> (0x00000000d641fce8) thrown at [D:\re\workspace\8-2-build-windows-amd64-cygwin\jdk8u5\2488\hotspot\src\share\vm\prims\jvm.cpp, line 1248]
Event: 7.478 Thread 0x000000001cebd000 Exception <a 'java/security/PrivilegedActionException'> (0x00000000d64296a0) thrown at [D:\re\workspace\8-2-build-windows-amd64-cygwin\jdk8u5\2488\hotspot\src\share\vm\prims\jvm.cpp, line 1248]
Event: 7.478 Thread 0x000000001cebd000 Exception <a 'java/security/PrivilegedActionException'> (0x00000000d642aa50) thrown at [D:\re\workspace\8-2-build-windows-amd64-cygwin\jdk8u5\2488\hotspot\src\share\vm\prims\jvm.cpp, line 1248]
Event: 7.478 Thread 0x000000001cebd000 Exception <a 'java/security/PrivilegedActionException'> (0x00000000d642f9b0) thrown at [D:\re\workspace\8-2-build-windows-amd64-cygwin\jdk8u5\2488\hotspot\src\share\vm\prims\jvm.cpp, line 1248]
Event: 7.478 Thread 0x000000001cebd000 Exception <a 'java/security/PrivilegedActionException'> (0x00000000d6439870) thrown at [D:\re\workspace\8-2-build-windows-amd64-cygwin\jdk8u5\2488\hotspot\src\share\vm\prims\jvm.cpp, line 1248]
Event: 7.478 Thread 0x000000001cebd000 Exception <a 'java/security/PrivilegedActionException'> (0x00000000d643acf0) thrown at [D:\re\workspace\8-2-build-windows-amd64-cygwin\jdk8u5\2488\hotspot\src\share\vm\prims\jvm.cpp, line 1248]
Event: 7.478 Thread 0x000000001cebd000 Exception <a 'java/security/PrivilegedActionException'> (0x00000000d6440b30) thrown at [D:\re\workspace\8-2-build-windows-amd64-cygwin\jdk8u5\2488\hotspot\src\share\vm\prims\jvm.cpp, line 1248]
Event: 7.479 Thread 0x000000001cebd000 Implicit null exception at 0x0000000003e6cb6f to 0x0000000003e6d045

Events (10 events):
Event: 7.488 loading class sun/security/validator/EndEntityChecker done
Event: 7.488 Thread 0x000000001cebd000 Uncommon trap: trap_request=0xffffffde fr.pc=0x0000000003b7d6bc
Event: 7.488 Thread 0x000000001cebd000 DEOPT PACKING pc=0x0000000003b7d6bc sp=0x000000001e3578f0
Event: 7.488 Thread 0x000000001cebd000 DEOPT UNPACKING pc=0x00000000030d55af sp=0x000000001e3578c0 mode 2
Event: 7.488 Thread 0x000000001cebd000 Uncommon trap: trap_request=0xffffffde fr.pc=0x0000000003b7d6bc
Event: 7.488 Thread 0x000000001cebd000 DEOPT PACKING pc=0x0000000003b7d6bc sp=0x000000001e3578f0
Event: 7.488 Thread 0x000000001cebd000 DEOPT UNPACKING pc=0x00000000030d55af sp=0x000000001e3578c0 mode 2
Event: 7.488 Thread 0x000000001cebd000 Uncommon trap: trap_request=0xffffffde fr.pc=0x0000000003b7d6bc
Event: 7.488 Thread 0x000000001cebd000 DEOPT PACKING pc=0x0000000003b7d6bc sp=0x000000001e3578f0
Event: 7.488 Thread 0x000000001cebd000 DEOPT UNPACKING pc=0x00000000030d55af sp=0x000000001e3578c0 mode 2


Dynamic libraries:
0x000007f6301f0000 - 0x000007f630224000 	D:\Program Files\Java\jdk1.8.0_05\bin\java.exe
0x000007fe1a4d0000 - 0x000007fe1a68d000 	D:\Windows\SYSTEM32\ntdll.dll
0x000007fe19480000 - 0x000007fe195b7000 	D:\Windows\system32\KERNEL32.DLL
0x000007fe17440000 - 0x000007fe17534000 	D:\Windows\system32\KERNELBASE.dll
0x000007fe19fc0000 - 0x000007fe1a09e000 	D:\Windows\system32\ADVAPI32.dll
0x000007fe19990000 - 0x000007fe19adc000 	D:\Windows\system32\USER32.dll
0x000007fe14b60000 - 0x000007fe14dca000 	D:\Windows\WinSxS\amd64_microsoft.windows.common-controls_6595b64144ccf1df_6.0.9200.17359_none_4188b989718cf1c6\COMCTL32.dll
0x000007fe198e0000 - 0x000007fe19985000 	D:\Windows\system32\msvcrt.dll
0x000007fe19ae0000 - 0x000007fe19b28000 	D:\Windows\SYSTEM32\sechost.dll
0x000007fe19790000 - 0x000007fe198d5000 	D:\Windows\system32\RPCRT4.dll
0x000007fe1a0d0000 - 0x000007fe1a211000 	D:\Windows\system32\GDI32.dll
0x000007fe17f80000 - 0x000007fe17fb9000 	D:\Windows\system32\IMM32.DLL
0x000007fe19620000 - 0x000007fe19735000 	D:\Windows\system32\MSCTF.dll
0x000000006e450000 - 0x000000006e522000 	D:\Program Files\Java\jdk1.8.0_05\jre\bin\msvcr100.dll
0x000000006e9b0000 - 0x000000006f1da000 	D:\Program Files\Java\jdk1.8.0_05\jre\bin\server\jvm.dll
0x000007fe12a30000 - 0x000007fe12a39000 	D:\Windows\SYSTEM32\WSOCK32.dll
0x000007fe0eb00000 - 0x000007fe0eb20000 	D:\Windows\SYSTEM32\WINMM.dll
0x000007fe179f0000 - 0x000007fe179f7000 	D:\Windows\system32\PSAPI.DLL
0x000007fe195c0000 - 0x000007fe19618000 	D:\Windows\system32\WS2_32.dll
0x000007fe0eac0000 - 0x000007fe0eaf3000 	D:\Windows\SYSTEM32\WINMMBASE.dll
0x000007fe1a0a0000 - 0x000007fe1a0a9000 	D:\Windows\system32\NSI.dll
0x000007fe17740000 - 0x000007fe1778f000 	D:\Windows\SYSTEM32\cfgmgr32.dll
0x000007fe17410000 - 0x000007fe17432000 	D:\Windows\system32\DEVOBJ.dll
0x000000006e8c0000 - 0x000000006e8cf000 	D:\Program Files\Java\jdk1.8.0_05\jre\bin\verify.dll
0x000000006e890000 - 0x000000006e8b8000 	D:\Program Files\Java\jdk1.8.0_05\jre\bin\java.dll
0x000000006e870000 - 0x000000006e886000 	D:\Program Files\Java\jdk1.8.0_05\jre\bin\zip.dll
0x000007fe18190000 - 0x000007fe19475000 	D:\Windows\system32\SHELL32.dll
0x000007fe17c30000 - 0x000007fe17de0000 	D:\Windows\SYSTEM32\combase.dll
0x000007fe19740000 - 0x000007fe19790000 	D:\Windows\system32\SHLWAPI.dll
0x000007fe15240000 - 0x000007fe152d6000 	D:\Windows\SYSTEM32\SHCORE.dll
0x000007fe173d0000 - 0x000007fe173e5000 	D:\Windows\system32\profapi.dll
0x000000006e660000 - 0x000000006e67a000 	D:\Program Files\Java\jdk1.8.0_05\jre\bin\net.dll
0x0000000180000000 - 0x0000000180078000 	D:\Windows\system32\ASProxy64.dll
0x000007fe16b90000 - 0x000007fe16bec000 	D:\Windows\SYSTEM32\MSWSOCK.dll
0x000007fe16480000 - 0x000007fe164aa000 	D:\Windows\SYSTEM32\IPHLPAPI.DLL
0x000007fe19dd0000 - 0x000007fe19f4e000 	D:\Windows\system32\ole32.dll
0x000007fe1a390000 - 0x000007fe1a453000 	D:\Windows\system32\OLEAUT32.dll
0x000007fe16470000 - 0x000007fe16479000 	D:\Windows\SYSTEM32\VERSION.dll
0x000007fe16460000 - 0x000007fe1646a000 	D:\Windows\SYSTEM32\WINNSI.DLL
0x000007fe170f0000 - 0x000007fe1711d000 	D:\Windows\SYSTEM32\SspiCli.dll
0x000007fe17180000 - 0x000007fe1718a000 	D:\Windows\SYSTEM32\CRYPTBASE.dll
0x000007fe17120000 - 0x000007fe1717d000 	D:\Windows\SYSTEM32\bcryptPrimitives.dll
0x000007fe16190000 - 0x000007fe16276000 	D:\Windows\system32\uxtheme.dll
0x000007fe178a0000 - 0x000007fe17936000 	D:\Windows\SYSTEM32\clbcatq.dll
0x000007fe16bf0000 - 0x000007fe16c0a000 	D:\Windows\SYSTEM32\CRYPTSP.dll
0x000007fe16890000 - 0x000007fe168db000 	D:\Windows\system32\rsaenh.dll
0x000007fe17190000 - 0x000007fe17242000 	D:\Windows\SYSTEM32\sxs.dll
0x000000006e640000 - 0x000000006e651000 	D:\Program Files\Java\jdk1.8.0_05\jre\bin\nio.dll
0x000007fe102a0000 - 0x000007fe102b2000 	D:\Users\Desktop\.gradle\native\19\windows-amd64\native-platform.dll
0x000007fe11a00000 - 0x000007fe11a13000 	D:\Windows\SYSTEM32\dhcpcsvc6.DLL
0x000007fe119d0000 - 0x000007fe119e8000 	D:\Windows\SYSTEM32\dhcpcsvc.DLL
0x000007fe17540000 - 0x000007fe1755f000 	D:\Windows\system32\USERENV.dll
0x000000006e560000 - 0x000000006e584000 	D:\Program Files\Java\jdk1.8.0_05\jre\bin\sunec.dll
0x000007fe0b580000 - 0x000007fe0b594000 	D:\Windows\system32\napinsp.dll
0x000007fe0b5a0000 - 0x000007fe0b5b8000 	D:\Windows\system32\pnrpnsp.dll
0x000007fe15940000 - 0x000007fe15956000 	D:\Windows\system32\NLAapi.dll
0x000007fe169d0000 - 0x000007fe16a6c000 	D:\Windows\SYSTEM32\DNSAPI.dll
0x000007fe0b5c0000 - 0x000007fe0b5d2000 	D:\Windows\System32\winrnr.dll
0x000007fe0ed20000 - 0x000007fe0ed28000 	D:\Windows\System32\rasadhlp.dll
0x000007fe11a20000 - 0x000007fe11a81000 	D:\Windows\System32\fwpuclnt.dll
0x000007fe07dd0000 - 0x000007fe07f33000 	D:\Windows\SYSTEM32\dbghelp.dll

VM Arguments:
jvm_args: -XX:MaxPermSize=512m -XX:+HeapDumpOnOutOfMemoryError -Xmx2048m -Dfile.encoding=UTF-8 -Duser.country=US -Duser.language=en -Duser.variant 
java_command: org.gradle.launcher.daemon.bootstrap.GradleDaemon 2.8
java_class_path (initial): D:\Users\Desktop\.gradle\wrapper\dists\gradle-2.8-all\ah86jmo43de9lfa8xg9ux3c4h\gradle-2.8\lib\gradle-launcher-2.8.jar
Launcher Type: SUN_STANDARD

Environment Variables:
JAVA_HOME=D:\Program Files\Java\jre8\bin\
PATH=D:\ProgramData\Oracle\Java\javapath;D:\Windows\system32;D:\Windows;D:\Windows\System32\Wbem;D:\Windows\System32\WindowsPowerShell\v1.0\;D:\Program Files\TortoiseSVN\bin;D:\Program Files (x86)\Skype\Phone\
USERNAME=Desktop
OS=Windows_NT
PROCESSOR_IDENTIFIER=Intel64 Family 6 Model 60 Stepping 3, GenuineIntel



---------------  S Y S T E M  ---------------

OS: Windows 8 , 64 bit Build 9200 

CPU:total 8 (4 cores per cpu, 2 threads per core) family 6 model 60 stepping 3, cmov, cx8, fxsr, mmx, sse, sse2, sse3, ssse3, sse4.1, sse4.2, popcnt, avx, avx2, aes, clmul, erms, ht, tsc, tscinvbit

Memory: 4k page, physical 8308264k(4518772k free), swap 9553448k(5046972k free)

vm_info: Java HotSpot(TM) 64-Bit Server VM (25.5-b02) for windows-amd64 JRE (1.8.0_05-b13), built on Mar 18 2014 01:08:39 by "java_re" with MS VC++ 10.0 (VS2010)

time: Tue Mar 08 19:30:19 2016
elapsed time: 7 seconds

